cycle: 0, id: 221000000000, addr: 2080, type: PipeType.SCATTER, src: 11, dst: 11, node_types: 0, num_deps: 4, deps: [188000000000, 189000000000, 190000000000, 191000000000]
cycle: 0, id: 222000000000, addr: 2080, type: PipeType.SCATTER, src: 11, dst: 12, node_types: 0, num_deps: 4, deps: [192000000000, 193000000000, 194000000000, 195000000000]
cycle: 0, id: 223000000000, addr: 2080, type: PipeType.SCATTER, src: 11, dst: 13, node_types: 0, num_deps: 4, deps: [196000000000, 197000000000, 198000000000, 199000000000]
cycle: 0, id: 224000000000, addr: 2080, type: PipeType.SCATTER, src: 11, dst: 14, node_types: 0, num_deps: 4, deps: [200000000000, 201000000000, 202000000000, 203000000000]
cycle: 0, id: 225000000000, addr: 8320, type: PipeType.SCATTER, src: 14, dst: 11, node_types: 0, num_deps: 4, deps: [188000000000, 189000000000, 190000000000, 191000000000]
cycle: 0, id: 226000000000, addr: 8320, type: PipeType.SCATTER, src: 14, dst: 12, node_types: 0, num_deps: 4, deps: [192000000000, 193000000000, 194000000000, 195000000000]
cycle: 0, id: 227000000000, addr: 8320, type: PipeType.SCATTER, src: 14, dst: 13, node_types: 0, num_deps: 4, deps: [196000000000, 197000000000, 198000000000, 199000000000]
cycle: 0, id: 228000000000, addr: 8320, type: PipeType.SCATTER, src: 14, dst: 14, node_types: 0, num_deps: 4, deps: [200000000000, 201000000000, 202000000000, 203000000000]
cycle: 0, id: 229000000000, addr: 2080, type: PipeType.SCATTER, src: 11, dst: 21, node_types: 0, num_deps: 4, deps: [204000000000, 205000000000, 206000000000, 207000000000]
cycle: 0, id: 230000000000, addr: 2080, type: PipeType.SCATTER, src: 11, dst: 22, node_types: 0, num_deps: 4, deps: [208000000000, 209000000000, 210000000000, 211000000000]
cycle: 0, id: 231000000000, addr: 2080, type: PipeType.SCATTER, src: 11, dst: 23, node_types: 0, num_deps: 4, deps: [212000000000, 213000000000, 214000000000, 215000000000]
cycle: 0, id: 232000000000, addr: 2080, type: PipeType.SCATTER, src: 11, dst: 24, node_types: 0, num_deps: 4, deps: [216000000000, 217000000000, 218000000000, 219000000000]
cycle: 0, id: 233000000000, addr: 8320, type: PipeType.SCATTER, src: 24, dst: 21, node_types: 0, num_deps: 4, deps: [204000000000, 205000000000, 206000000000, 207000000000]
cycle: 0, id: 234000000000, addr: 8320, type: PipeType.SCATTER, src: 24, dst: 22, node_types: 0, num_deps: 4, deps: [208000000000, 209000000000, 210000000000, 211000000000]
cycle: 0, id: 235000000000, addr: 8320, type: PipeType.SCATTER, src: 24, dst: 23, node_types: 0, num_deps: 4, deps: [212000000000, 213000000000, 214000000000, 215000000000]
cycle: 0, id: 236000000000, addr: 8320, type: PipeType.SCATTER, src: 24, dst: 24, node_types: 0, num_deps: 4, deps: [216000000000, 217000000000, 218000000000, 219000000000]
cycle: 296, id: 188000000000, addr: 4160, type: PipeType.SCATTER, src: 11, dst: 31, node_types: 0, num_deps: 16, deps: [220000000000, 220000000001, 220000000002, 220000000003, 220000000004, 220000000005, 220000000006, 220000000007, 220000000008, 220000000009, 220000000010, 220000000011, 220000000012, 220000000013, 220000000014, 220000000015]
cycle: 296, id: 189000000000, addr: 4160, type: PipeType.SCATTER, src: 11, dst: 41, node_types: 0, num_deps: 16, deps: [220000000000, 220000000001, 220000000002, 220000000003, 220000000004, 220000000005, 220000000006, 220000000007, 220000000008, 220000000009, 220000000010, 220000000011, 220000000012, 220000000013, 220000000014, 220000000015]
cycle: 296, id: 190000000000, addr: 4160, type: PipeType.SCATTER, src: 11, dst: 61, node_types: 0, num_deps: 16, deps: [220000000000, 220000000001, 220000000002, 220000000003, 220000000004, 220000000005, 220000000006, 220000000007, 220000000008, 220000000009, 220000000010, 220000000011, 220000000012, 220000000013, 220000000014, 220000000015]
cycle: 296, id: 191000000000, addr: 4160, type: PipeType.SCATTER, src: 11, dst: 71, node_types: 0, num_deps: 16, deps: [220000000000, 220000000001, 220000000002, 220000000003, 220000000004, 220000000005, 220000000006, 220000000007, 220000000008, 220000000009, 220000000010, 220000000011, 220000000012, 220000000013, 220000000014, 220000000015]
cycle: 296, id: 192000000000, addr: 4160, type: PipeType.SCATTER, src: 12, dst: 32, node_types: 0, num_deps: 16, deps: [220000000000, 220000000001, 220000000002, 220000000003, 220000000004, 220000000005, 220000000006, 220000000007, 220000000008, 220000000009, 220000000010, 220000000011, 220000000012, 220000000013, 220000000014, 220000000015]
cycle: 296, id: 193000000000, addr: 4160, type: PipeType.SCATTER, src: 12, dst: 42, node_types: 0, num_deps: 16, deps: [220000000000, 220000000001, 220000000002, 220000000003, 220000000004, 220000000005, 220000000006, 220000000007, 220000000008, 220000000009, 220000000010, 220000000011, 220000000012, 220000000013, 220000000014, 220000000015]
cycle: 296, id: 194000000000, addr: 4160, type: PipeType.SCATTER, src: 12, dst: 62, node_types: 0, num_deps: 16, deps: [220000000000, 220000000001, 220000000002, 220000000003, 220000000004, 220000000005, 220000000006, 220000000007, 220000000008, 220000000009, 220000000010, 220000000011, 220000000012, 220000000013, 220000000014, 220000000015]
cycle: 296, id: 195000000000, addr: 4160, type: PipeType.SCATTER, src: 12, dst: 72, node_types: 0, num_deps: 16, deps: [220000000000, 220000000001, 220000000002, 220000000003, 220000000004, 220000000005, 220000000006, 220000000007, 220000000008, 220000000009, 220000000010, 220000000011, 220000000012, 220000000013, 220000000014, 220000000015]
cycle: 296, id: 196000000000, addr: 4160, type: PipeType.SCATTER, src: 13, dst: 33, node_types: 0, num_deps: 16, deps: [220000000000, 220000000001, 220000000002, 220000000003, 220000000004, 220000000005, 220000000006, 220000000007, 220000000008, 220000000009, 220000000010, 220000000011, 220000000012, 220000000013, 220000000014, 220000000015]
cycle: 296, id: 197000000000, addr: 4160, type: PipeType.SCATTER, src: 13, dst: 43, node_types: 0, num_deps: 16, deps: [220000000000, 220000000001, 220000000002, 220000000003, 220000000004, 220000000005, 220000000006, 220000000007, 220000000008, 220000000009, 220000000010, 220000000011, 220000000012, 220000000013, 220000000014, 220000000015]
cycle: 296, id: 198000000000, addr: 4160, type: PipeType.SCATTER, src: 13, dst: 63, node_types: 0, num_deps: 16, deps: [220000000000, 220000000001, 220000000002, 220000000003, 220000000004, 220000000005, 220000000006, 220000000007, 220000000008, 220000000009, 220000000010, 220000000011, 220000000012, 220000000013, 220000000014, 220000000015]
cycle: 296, id: 199000000000, addr: 4160, type: PipeType.SCATTER, src: 13, dst: 73, node_types: 0, num_deps: 16, deps: [220000000000, 220000000001, 220000000002, 220000000003, 220000000004, 220000000005, 220000000006, 220000000007, 220000000008, 220000000009, 220000000010, 220000000011, 220000000012, 220000000013, 220000000014, 220000000015]
cycle: 296, id: 200000000000, addr: 4160, type: PipeType.SCATTER, src: 14, dst: 34, node_types: 0, num_deps: 16, deps: [220000000000, 220000000001, 220000000002, 220000000003, 220000000004, 220000000005, 220000000006, 220000000007, 220000000008, 220000000009, 220000000010, 220000000011, 220000000012, 220000000013, 220000000014, 220000000015]
cycle: 296, id: 201000000000, addr: 4160, type: PipeType.SCATTER, src: 14, dst: 44, node_types: 0, num_deps: 16, deps: [220000000000, 220000000001, 220000000002, 220000000003, 220000000004, 220000000005, 220000000006, 220000000007, 220000000008, 220000000009, 220000000010, 220000000011, 220000000012, 220000000013, 220000000014, 220000000015]
cycle: 296, id: 202000000000, addr: 4160, type: PipeType.SCATTER, src: 14, dst: 64, node_types: 0, num_deps: 16, deps: [220000000000, 220000000001, 220000000002, 220000000003, 220000000004, 220000000005, 220000000006, 220000000007, 220000000008, 220000000009, 220000000010, 220000000011, 220000000012, 220000000013, 220000000014, 220000000015]
cycle: 296, id: 203000000000, addr: 4160, type: PipeType.SCATTER, src: 14, dst: 74, node_types: 0, num_deps: 16, deps: [220000000000, 220000000001, 220000000002, 220000000003, 220000000004, 220000000005, 220000000006, 220000000007, 220000000008, 220000000009, 220000000010, 220000000011, 220000000012, 220000000013, 220000000014, 220000000015]
cycle: 296, id: 204000000000, addr: 4160, type: PipeType.SCATTER, src: 21, dst: 31, node_types: 0, num_deps: 16, deps: [220000000000, 220000000001, 220000000002, 220000000003, 220000000004, 220000000005, 220000000006, 220000000007, 220000000008, 220000000009, 220000000010, 220000000011, 220000000012, 220000000013, 220000000014, 220000000015]
cycle: 296, id: 205000000000, addr: 4160, type: PipeType.SCATTER, src: 21, dst: 41, node_types: 0, num_deps: 16, deps: [220000000000, 220000000001, 220000000002, 220000000003, 220000000004, 220000000005, 220000000006, 220000000007, 220000000008, 220000000009, 220000000010, 220000000011, 220000000012, 220000000013, 220000000014, 220000000015]
cycle: 296, id: 206000000000, addr: 4160, type: PipeType.SCATTER, src: 21, dst: 61, node_types: 0, num_deps: 16, deps: [220000000000, 220000000001, 220000000002, 220000000003, 220000000004, 220000000005, 220000000006, 220000000007, 220000000008, 220000000009, 220000000010, 220000000011, 220000000012, 220000000013, 220000000014, 220000000015]
cycle: 296, id: 207000000000, addr: 4160, type: PipeType.SCATTER, src: 21, dst: 71, node_types: 0, num_deps: 16, deps: [220000000000, 220000000001, 220000000002, 220000000003, 220000000004, 220000000005, 220000000006, 220000000007, 220000000008, 220000000009, 220000000010, 220000000011, 220000000012, 220000000013, 220000000014, 220000000015]
cycle: 296, id: 208000000000, addr: 4160, type: PipeType.SCATTER, src: 22, dst: 32, node_types: 0, num_deps: 16, deps: [220000000000, 220000000001, 220000000002, 220000000003, 220000000004, 220000000005, 220000000006, 220000000007, 220000000008, 220000000009, 220000000010, 220000000011, 220000000012, 220000000013, 220000000014, 220000000015]
cycle: 296, id: 209000000000, addr: 4160, type: PipeType.SCATTER, src: 22, dst: 42, node_types: 0, num_deps: 16, deps: [220000000000, 220000000001, 220000000002, 220000000003, 220000000004, 220000000005, 220000000006, 220000000007, 220000000008, 220000000009, 220000000010, 220000000011, 220000000012, 220000000013, 220000000014, 220000000015]
cycle: 296, id: 210000000000, addr: 4160, type: PipeType.SCATTER, src: 22, dst: 62, node_types: 0, num_deps: 16, deps: [220000000000, 220000000001, 220000000002, 220000000003, 220000000004, 220000000005, 220000000006, 220000000007, 220000000008, 220000000009, 220000000010, 220000000011, 220000000012, 220000000013, 220000000014, 220000000015]
cycle: 296, id: 211000000000, addr: 4160, type: PipeType.SCATTER, src: 22, dst: 72, node_types: 0, num_deps: 16, deps: [220000000000, 220000000001, 220000000002, 220000000003, 220000000004, 220000000005, 220000000006, 220000000007, 220000000008, 220000000009, 220000000010, 220000000011, 220000000012, 220000000013, 220000000014, 220000000015]
cycle: 296, id: 212000000000, addr: 4160, type: PipeType.SCATTER, src: 23, dst: 33, node_types: 0, num_deps: 16, deps: [220000000000, 220000000001, 220000000002, 220000000003, 220000000004, 220000000005, 220000000006, 220000000007, 220000000008, 220000000009, 220000000010, 220000000011, 220000000012, 220000000013, 220000000014, 220000000015]
cycle: 296, id: 213000000000, addr: 4160, type: PipeType.SCATTER, src: 23, dst: 43, node_types: 0, num_deps: 16, deps: [220000000000, 220000000001, 220000000002, 220000000003, 220000000004, 220000000005, 220000000006, 220000000007, 220000000008, 220000000009, 220000000010, 220000000011, 220000000012, 220000000013, 220000000014, 220000000015]
cycle: 296, id: 214000000000, addr: 4160, type: PipeType.SCATTER, src: 23, dst: 63, node_types: 0, num_deps: 16, deps: [220000000000, 220000000001, 220000000002, 220000000003, 220000000004, 220000000005, 220000000006, 220000000007, 220000000008, 220000000009, 220000000010, 220000000011, 220000000012, 220000000013, 220000000014, 220000000015]
cycle: 296, id: 215000000000, addr: 4160, type: PipeType.SCATTER, src: 23, dst: 73, node_types: 0, num_deps: 16, deps: [220000000000, 220000000001, 220000000002, 220000000003, 220000000004, 220000000005, 220000000006, 220000000007, 220000000008, 220000000009, 220000000010, 220000000011, 220000000012, 220000000013, 220000000014, 220000000015]
cycle: 296, id: 216000000000, addr: 4160, type: PipeType.SCATTER, src: 24, dst: 34, node_types: 0, num_deps: 16, deps: [220000000000, 220000000001, 220000000002, 220000000003, 220000000004, 220000000005, 220000000006, 220000000007, 220000000008, 220000000009, 220000000010, 220000000011, 220000000012, 220000000013, 220000000014, 220000000015]
cycle: 296, id: 217000000000, addr: 4160, type: PipeType.SCATTER, src: 24, dst: 44, node_types: 0, num_deps: 16, deps: [220000000000, 220000000001, 220000000002, 220000000003, 220000000004, 220000000005, 220000000006, 220000000007, 220000000008, 220000000009, 220000000010, 220000000011, 220000000012, 220000000013, 220000000014, 220000000015]
cycle: 296, id: 218000000000, addr: 4160, type: PipeType.SCATTER, src: 24, dst: 64, node_types: 0, num_deps: 16, deps: [220000000000, 220000000001, 220000000002, 220000000003, 220000000004, 220000000005, 220000000006, 220000000007, 220000000008, 220000000009, 220000000010, 220000000011, 220000000012, 220000000013, 220000000014, 220000000015]
cycle: 296, id: 219000000000, addr: 4160, type: PipeType.SCATTER, src: 24, dst: 74, node_types: 0, num_deps: 16, deps: [220000000000, 220000000001, 220000000002, 220000000003, 220000000004, 220000000005, 220000000006, 220000000007, 220000000008, 220000000009, 220000000010, 220000000011, 220000000012, 220000000013, 220000000014, 220000000015]
cycle: 333, id: 220000000000, addr: 65536, type: PipeType.GATHER, src: 31, dst: 11, node_types: 0, num_deps: 0, deps: []
cycle: 333, id: 220000000001, addr: 65536, type: PipeType.GATHER, src: 41, dst: 11, node_types: 0, num_deps: 0, deps: []
cycle: 333, id: 220000000002, addr: 65536, type: PipeType.GATHER, src: 61, dst: 11, node_types: 0, num_deps: 0, deps: []
cycle: 333, id: 220000000003, addr: 65536, type: PipeType.GATHER, src: 71, dst: 11, node_types: 0, num_deps: 0, deps: []
cycle: 333, id: 220000000004, addr: 65536, type: PipeType.GATHER, src: 32, dst: 11, node_types: 0, num_deps: 0, deps: []
cycle: 333, id: 220000000005, addr: 65536, type: PipeType.GATHER, src: 42, dst: 11, node_types: 0, num_deps: 0, deps: []
cycle: 333, id: 220000000006, addr: 65536, type: PipeType.GATHER, src: 62, dst: 11, node_types: 0, num_deps: 0, deps: []
cycle: 333, id: 220000000007, addr: 65536, type: PipeType.GATHER, src: 72, dst: 11, node_types: 0, num_deps: 0, deps: []
cycle: 333, id: 220000000008, addr: 65536, type: PipeType.GATHER, src: 33, dst: 11, node_types: 0, num_deps: 0, deps: []
cycle: 333, id: 220000000009, addr: 65536, type: PipeType.GATHER, src: 43, dst: 11, node_types: 0, num_deps: 0, deps: []
cycle: 333, id: 220000000010, addr: 65536, type: PipeType.GATHER, src: 63, dst: 11, node_types: 0, num_deps: 0, deps: []
cycle: 333, id: 220000000011, addr: 65536, type: PipeType.GATHER, src: 73, dst: 11, node_types: 0, num_deps: 0, deps: []
cycle: 333, id: 220000000012, addr: 65536, type: PipeType.GATHER, src: 34, dst: 11, node_types: 0, num_deps: 0, deps: []
cycle: 333, id: 220000000013, addr: 65536, type: PipeType.GATHER, src: 44, dst: 11, node_types: 0, num_deps: 0, deps: []
cycle: 333, id: 220000000014, addr: 65536, type: PipeType.GATHER, src: 64, dst: 11, node_types: 0, num_deps: 0, deps: []
cycle: 333, id: 220000000015, addr: 65536, type: PipeType.GATHER, src: 74, dst: 11, node_types: 0, num_deps: 0, deps: []
